09-05 17:22:57 - MainProcess - ERROR - Certificate did not match expected hostname: www.yoka.com. Certificate: {'subject': ((('commonName', 'www.baishancloud.com'),),), 'subjectAltName': [('DNS', 'hotnews.duba.com'), ('DNS', 'partnerunion.xunyou.com'), ('DNS', 'portal.baishancloud.com'), ('DNS', 'dh1.cmcmcdn.com'), ('DNS', 'ent.duba.com'), ('DNS', 'desk123.duba.com'), ('DNS', 'xinwen.duba.com'), ('DNS', 'www.duba.com'), ('DNS', 'tejia.duba.com'), ('DNS', 's01.10101111cdn.com'), ('DNS', 'test.xiaokele.qingcdn.com'), ('DNS', 's02.10101111cdn.com'), ('DNS', 'news.xunyou.com'), ('DNS', 'dhimg.duba.com'), ('DNS', 'hotnews2.duba.com'), ('DNS', 'img.cmcmcdn.com'), ('DNS', 'dl.doyo.cn'), ('DNS', 'image.xunyou.com'), ('DNS', 'www.baishancloud.com'), ('DNS', 'baishancloud.com')]}
09-05 17:22:58 - MainProcess - INFO - New : http://www.shangc.net/news/2017/0822/24152313.html
09-05 17:22:58 - ContextDealer-3 - WARNING - Deleted : Too Short - http://www.shangc.net/news/2017/0822/24152313.html
09-05 17:22:58 - MainProcess - INFO - 网络正常
09-05 17:22:58 - MainProcess - INFO - Banned : http://image.baidu.com/search/index?tn=baiduimage&ipn=r&ct=201326592&cl=2&lm=-1&st=-1&sf=1&fmq=1389861203899_R&pv=&ic=0&nc=1&z=&se=1&showtab=0&fb=0&width=&height=&face=0&istype=2&ie=utf-8&ala=6&ori_query=%28%E5%91%A8%E6%98%9F%E9%A9%B0%29&fr=ala&ala=1&alatpl=adress&pos=2&oriquery=%28%E5%91%A8%E6%98%9F%E9%A9%B0%29&alaTag=0&&word=%E5%91%A8%E6%98%9F%E9%A9%B0%20%E8%A1%A8%E6%83%85%E5%8C%85
09-05 17:22:58 - MainProcess - INFO - Banned : http://image.baidu.com/search/detail?ct=503316480&z=0&tn=baiduimagedetail&ipn=d&cl=2&cm=1&sc=0&lm=-1&ie=gbk&pn=5&rn=1&di=106060616860&ln=30&word=%28%D6%DC%D0%C7%B3%DB%29&os=4251090885,2703612793&cs=3649763956,3558661678&objurl=http%3A%2F%2Fszsb.sznews.com%2Fres%2F1%2F1162%2F2013-01%2F25%2FC08%2Fres07_attpic_brief.jpg&bdtype=0&simid=3518913794,156467857&pi=0&adpicid=0&timingneed=0&spn=0&is=0,0&fr=ala&ala=1&alatpl=adress&pos=1&oriquery=%28%E5%91%A8%E6%98%9F%E9%A9%B0%29
09-05 17:22:58 - MainProcess - INFO - Dirty : https://baike.baidu.com/item/%E5%91%A8%E6%98%9F%E9%A9%B0/169917?fr=aladdin
09-05 17:22:58 - ContextDealer-2 - WARNING - Deleted : Too Short - http://top.baidu.com/?fr=tph_right
09-05 17:22:59 - MainProcess - INFO - New : http://digi.163.com/keywords/5/6/5468661f9a70/1.html
09-05 17:22:59 - MainProcess - INFO - Banned : http://image.baidu.com/search/index?tn=baiduimage&ipn=r&ct=201326592&cl=2&lm=-1&st=-1&sf=1&fmq=1389861203899_R&pv=&ic=0&nc=1&z=&se=1&showtab=0&fb=0&width=&height=&face=0&istype=2&ie=utf-8&ala=6&ori_query=%28%E5%91%A8%E6%98%9F%E9%A9%B0%29&fr=ala&ala=1&alatpl=adress&pos=2&oriquery=%28%E5%91%A8%E6%98%9F%E9%A9%B0%29&alaLink=0&word=%E5%91%A8%E6%98%9F%E9%A9%B0
09-05 17:22:59 - MainProcess - INFO - Dirty : https://baike.baidu.com/item/%E5%91%A8%E6%98%9F%E9%A9%B0/169917?fr=aladdin
09-05 17:22:59 - MainProcess - INFO - Banned : http://image.baidu.com/search/index?tn=baiduimage&ipn=r&ct=201326592&cl=2&lm=-1&st=-1&sf=1&fmq=1389861203899_R&pv=&ic=0&nc=1&z=&se=1&showtab=0&fb=0&width=&height=&face=0&istype=2&ie=utf-8&ala=6&ori_query=%28%E5%91%A8%E6%98%9F%E9%A9%B0%29&fr=ala&ala=1&alatpl=adress&pos=2&oriquery=%28%E5%91%A8%E6%98%9F%E9%A9%B0%29&alaTag=0&&word=%E5%91%A8%E6%98%9F%E9%A9%B0%20%E5%8A%9F%E5%A4%AB
09-05 17:22:59 - MainProcess - INFO - New : http://www.baike.com/wiki/%E5%91%A8%E6%98%9F%E9%A9%B0
09-05 17:22:59 - ContextDealer-3 - WARNING - Deleted : Too Short - http://digi.163.com/keywords/5/6/5468661f9a70/1.html
09-05 17:22:59 - MainProcess - INFO - Banned : http://image.baidu.com/search/detail?ct=503316480&z=0&tn=baiduimagedetail&ipn=d&cl=2&cm=1&sc=0&lm=-1&ie=gbk&pn=1&rn=1&di=169692942430&ln=30&word=%28%D6%DC%D0%C7%B3%DB%29&os=2999306039,774987223&cs=464052949,3070185341&objurl=http%3A%2F%2Fbigtu.eastday.com%2Fimg%2F201009%2F30%2F72%2F16182341269129054240.jpg&bdtype=0&simid=4106848871,514545868&pi=0&adpicid=0&timingneed=0&spn=0&is=0,0&fr=ala&ala=1&alatpl=adress&pos=1&oriquery=%28%E5%91%A8%E6%98%9F%E9%A9%B0%29
09-05 17:23:00 - MainProcess - INFO - New : http://www.baidu.com/s?tn=baidurt&rtt=1&bsst=1&wd=(%D6%DC%D0%C7%B3%DB)&origin=ps
09-05 17:23:00 - MainProcess - INFO - Banned : http://image.baidu.com/search/index?tn=baiduimage&ipn=r&ct=201326592&cl=2&lm=-1&st=-1&sf=1&fmq=1389861203899_R&pv=&ic=0&nc=1&z=&se=1&showtab=0&fb=0&width=&height=&face=0&istype=2&ie=utf-8&ala=6&ori_query=%28%E5%91%A8%E6%98%9F%E9%A9%B0%29&fr=ala&ala=1&alatpl=adress&pos=2&oriquery=%28%E5%91%A8%E6%98%9F%E9%A9%B0%29&alaTag=0&&word=%E5%91%A8%E6%98%9F%E9%A9%B0%20%E6%90%9E%E7%AC%91%E5%9B%BE%E7%89%87
09-05 17:23:00 - MainProcess - INFO - Banned : http://image.baidu.com/search/index?tn=baiduimage&ipn=r&ct=201326592&cl=2&lm=-1&st=-1&sf=1&fmq=1389861203899_R&pv=&ic=0&nc=1&z=&se=1&showtab=0&fb=0&width=&height=&face=0&istype=2&ie=utf-8&ala=6&ori_query=%28%E5%91%A8%E6%98%9F%E9%A9%B0%29&fr=ala&ala=1&alatpl=adress&pos=2&oriquery=%28%E5%91%A8%E6%98%9F%E9%A9%B0%29&alaTag=0&&word=%E5%91%A8%E6%98%9F%E9%A9%B0%20%E6%9C%B1%E8%8C%B5
09-05 17:23:01 - MainProcess - INFO - New : http://www.1905.com/mdb/star/312/
09-05 17:23:01 - MainProcess - INFO - New : http://news.qq.com/zt/2007/hkhg10/topic_html/zhouxingchi.htm
09-05 17:23:01 - ContextDealer-2 - WARNING - Deleted : Too Short - http://www.baidu.com/s?tn=baidurt&rtt=1&bsst=1&wd=(%D6%DC%D0%C7%B3%DB)&origin=ps
09-05 17:23:02 - ContextDealer-3 - WARNING - Deleted : Too Short - http://www.1905.com/mdb/star/312/
09-05 17:23:02 - ContextDealer-2 - WARNING - Success : 5.txt - http://news.qq.com/zt/2007/hkhg10/topic_html/zhouxingchi.htm
09-05 17:23:03 - ContextDealer-3 - WARNING - Success : 6.txt - http://www.baike.com/wiki/%E5%91%A8%E6%98%9F%E9%A9%B0
